<?xml version="1.0" encoding="UTF-8"?>
<!-- Generated by org.testng.reporters.JUnitXMLReporter -->
<testsuite ignored="0" hostname="Sanjaypc" failures="0" tests="1" name="Testcase3" time="180.916" errors="0" timestamp="2025-05-16T20:39:16 IST">
  <testcase classname="baseclass.BaseClass" name="@BeforeClass setup" time="180.553">
    <failure type="org.openqa.selenium.NoSuchSessionException" message="Session ID is null. Using WebDriver after calling quit()?
Build info: version: &amp;apos;4.27.0&amp;apos;, revision: &amp;apos;d6e718d134&amp;apos;
System info: os.name: &amp;apos;Windows 11&amp;apos;, os.arch: &amp;apos;amd64&amp;apos;, os.version: &amp;apos;10.0&amp;apos;, java.version: &amp;apos;18.0.1&amp;apos;
Driver info: org.openqa.selenium.remote.RemoteWebDriver
Command: [null, setTimeout {implicit=10000}]
Capabilities {acceptInsecureCerts: false, browserName: MicrosoftEdge, browserVersion: 136.0.3240.50, fedcm:accounts: true, ms:edgeOptions: {debuggerAddress: localhost:34055}, msedge: {msedgedriverVersion: 136.0.3240.50 (4e2c41645f24..., userDataDir: /tmp/.com.microsoft.Edge.Zg...}, networkConnectionEnabled: false, pageLoadStrategy: normal, platformName: linux, proxy: Proxy(), se:bidiEnabled: false, se:cdp: ws://172.19.0.3:4444/sessio..., se:cdpVersion: 136.0.3240.50, se:containerName: 6a2aff16dce9, se:noVncPort: 7900, se:vnc: ws://172.19.0.3:4444/sessio..., se:vncEnabled: true, se:vncLocalAddress: ws://172.19.0.3:7900, setWindowRect: true, strictFileInteractability: false, timeouts: {implicit: 0, pageLoad: 300000, script: 30000}, unhandledPromptBehavior: dismiss and notify, webauthn:extension:credBlob: true, webauthn:extension:largeBlob: true, webauthn:extension:minPinLength: true, webauthn:extension:prf: true, webauthn:virtualAuthenticators: true}">
      <![CDATA[org.openqa.selenium.NoSuchSessionException: Session ID is null. Using WebDriver after calling quit()?
Build info: version: '4.27.0', revision: 'd6e718d134'
System info: os.name: 'Windows 11', os.arch: 'amd64', os.version: '10.0', java.version: '18.0.1'
Driver info: org.openqa.selenium.remote.RemoteWebDriver
Command: [null, setTimeout {implicit=10000}]
Capabilities {acceptInsecureCerts: false, browserName: MicrosoftEdge, browserVersion: 136.0.3240.50, fedcm:accounts: true, ms:edgeOptions: {debuggerAddress: localhost:34055}, msedge: {msedgedriverVersion: 136.0.3240.50 (4e2c41645f24..., userDataDir: /tmp/.com.microsoft.Edge.Zg...}, networkConnectionEnabled: false, pageLoadStrategy: normal, platformName: linux, proxy: Proxy(), se:bidiEnabled: false, se:cdp: ws://172.19.0.3:4444/sessio..., se:cdpVersion: 136.0.3240.50, se:containerName: 6a2aff16dce9, se:noVncPort: 7900, se:vnc: ws://172.19.0.3:4444/sessio..., se:vncEnabled: true, se:vncLocalAddress: ws://172.19.0.3:7900, setWindowRect: true, strictFileInteractability: false, timeouts: {implicit: 0, pageLoad: 300000, script: 30000}, unhandledPromptBehavior: dismiss and notify, webauthn:extension:credBlob: true, webauthn:extension:largeBlob: true, webauthn:extension:minPinLength: true, webauthn:extension:prf: true, webauthn:virtualAuthenticators: true}
at org.openqa.selenium.remote.HttpCommandExecutor.execute(HttpCommandExecutor.java:151)
at org.openqa.selenium.remote.TracedCommandExecutor.execute(TracedCommandExecutor.java:53)
at org.openqa.selenium.remote.RemoteWebDriver.execute(RemoteWebDriver.java:545)
at org.openqa.selenium.remote.RemoteWebDriver$RemoteWebDriverOptions$RemoteTimeouts.implicitlyWait(RemoteWebDriver.java:960)
at baseclass.BaseClass.setup(BaseClass.java:73)
at java.base/java.util.ArrayList.forEach(ArrayList.java:1511)
... Removed 23 stack frames]]>
    </failure>
  </testcase> <!-- @BeforeClass setup -->
  <testcase classname="baseclass.BaseClass" name="@AfterClass teardown" time="-1.747408156063E9">
    <skipped/>
  </testcase> <!-- @AfterClass teardown -->
  <testcase classname="testcases.Multipleproductselection" name="multipleproducts" time="0.003">
    <skipped/>
  </testcase> <!-- multipleproducts -->
</testsuite> <!-- Testcase3 -->
