<?xml version="1.0" encoding="UTF-8"?>
<!-- Generated by org.testng.reporters.JUnitXMLReporter -->
<testsuite ignored="0" hostname="Sanjaypc" failures="1" tests="4" name="Test" time="56.167" errors="0" timestamp="2025-05-12T13:17:46 IST">
  <testcase classname="testcases.Multipleproductselection" name="multipleproducts" time="16.946">
    <skipped/>
  </testcase> <!-- multipleproducts -->
  <testcase classname="testcases.Multipleproductselection" name="multipleproducts" time="9.565">
    <skipped/>
  </testcase> <!-- multipleproducts -->
  <testcase classname="testcases.Multipleproductselection" name="multipleproducts" time="8.875">
    <skipped/>
  </testcase> <!-- multipleproducts -->
  <testcase classname="testcases.Multipleproductselection" name="multipleproducts" time="8.841">
    <failure type="java.lang.AssertionError" message="expected [true] but found [false]">
      <![CDATA[java.lang.AssertionError: expected [true] but found [false]
at testcases.Multipleproductselection.multipleproducts(Multipleproductselection.java:19)
at java.base/java.util.ArrayList.forEach(ArrayList.java:1511)
... Removed 29 stack frames]]>
    </failure>
  </testcase> <!-- multipleproducts -->
</testsuite> <!-- Test -->
